cookie detected
cookie contained app 
cookie contained app Tracking.App.Two
cookie contained app Tracking.App.One
cookie detected
cookie contained app 
cookie contained app Tracking.App.Two
cookie contained app Tracking.App.One
------------------------
request contained app Tracking.App.Two641554310
cookie detected
cookie contained app 
cookie contained app Tracking.App.Two
cookie contained app Tracking.App.One
------------------------
request contained app Tracking.App.Two1450741626
cookie detected
cookie contained app 
cookie contained app Tracking.App.Two641554310
cookie contained app Tracking.App.Two
cookie contained app Tracking.App.One
------------------------
request contained app Tracking.App.Two1651124208
------------------------
request contained app Tracking.App.Two38567894
cookie detected
cookie contained app 
cookie contained app Tracking.App.Two1651124208
------------------------
request contained app Tracking.App.Two-1205531083
cookie detected
cookie contained app 
cookie contained app Tracking.App.Two38567894
cookie contained app Tracking.App.Two1651124208
------------------------
request contained app Tracking.App.Two1383407639
------------------------
request contained app Tracking.App.Two-1752248625
cookie detected
cookie contained app 
cookie contained app Tracking.App.Two1383407639
------------------------
request contained app Tracking.App.Two1163913053
------------------------
request contained app Tracking.App.Two1163913053
cookie detected
cookie contained app 
cookie contained app Tracking.App.Two1163913053
------------------------
request contained app Tracking.App.Two827512438
cookie detected
cookie contained app 
cookie contained app Tracking.App.Two1163913053
------------------------
request contained app Tracking.App.Two402465586
cookie detected
cookie contained app 
cookie contained app Tracking.App.Two827512438
cookie contained app Tracking.App.Two1163913053
------------------------
request contained app Tracking.App.Two1622212933
------------------------
request contained app Tracking.App.Two-967982681
cookie detected
cookie contained app 
cookie contained app Tracking.App.Two1622212933
------------------------
request contained app Tracking.App.Two204169397
cookie detected
cookie contained app 
cookie contained app Tracking.App.Two-967982681
cookie contained app Tracking.App.Two1622212933
------------------------
request contained app Tracking.App.One
------------------------
cookie detected
cookie contained app 
cookie contained app Tracking.App.One
------------------------
request contained app Tracking.App.One
cookie detected
cookie contained app 
cookie contained app Tracking.App.One
------------------------
cookie detected
cookie contained app 
cookie contained app Tracking.App.One
------------------------
request contained app Tracking.App.One
------------------------
cookie detected
cookie contained app 
cookie contained app Tracking.App.One
------------------------
request contained app Tracking.App.Two1373373122
cookie detected
cookie contained app 
cookie contained app Tracking.App.One
------------------------
cookie detected
cookie contained app 
cookie contained app Tracking.App.Two1373373122
cookie contained app Tracking.App.One
------------------------
request contained app Tracking.App.Two-130158381
cookie detected
cookie contained app 
cookie contained app Tracking.App.Two1373373122
cookie contained app Tracking.App.One
------------------------
cookie detected
cookie contained app 
cookie contained app Tracking.App.Two-130158381
cookie contained app Tracking.App.Two1373373122
cookie contained app Tracking.App.One
------------------------
request contained app Tracking.App.One
cookie detected
cookie contained app 
cookie contained app Tracking.App.Two-130158381
cookie contained app Tracking.App.Two1373373122
cookie contained app Tracking.App.One
------------------------
cookie detected
cookie contained app 
cookie contained app Tracking.App.One
cookie contained app Tracking.App.Two-130158381
cookie contained app Tracking.App.Two1373373122
------------------------
request contained app Tracking.App.Two1549771582
cookie detected
cookie contained app 
cookie contained app Tracking.App.One
cookie contained app Tracking.App.Two-130158381
cookie contained app Tracking.App.Two1373373122
------------------------
cookie detected
cookie contained app 
cookie contained app Tracking.App.Two1549771582
cookie contained app Tracking.App.One
cookie contained app Tracking.App.Two-130158381
cookie contained app Tracking.App.Two1373373122
------------------------
cookie detected
cookie contained app 
cookie contained app Tracking.App.Two1549771582
cookie contained app Tracking.App.One
cookie contained app Tracking.App.Two-130158381
cookie contained app Tracking.App.Two1373373122
------------------------
cookie detected
cookie contained app 
cookie contained app Tracking.App.Two1549771582
cookie contained app Tracking.App.One
cookie contained app Tracking.App.Two-130158381
cookie contained app Tracking.App.Two1373373122
------------------------
cookie detected
cookie contained app 
cookie contained app Tracking.App.Two1549771582
cookie contained app Tracking.App.One
cookie contained app Tracking.App.Two-130158381
cookie contained app Tracking.App.Two1373373122
------------------------
cookie detected
cookie contained app 
cookie contained app Tracking.App.Two1549771582
cookie contained app Tracking.App.One
cookie contained app Tracking.App.Two-130158381
cookie contained app Tracking.App.Two1373373122
------------------------
cookie detected
cookie contained app 
cookie contained app Tracking.App.Two1549771582
cookie contained app Tracking.App.One
cookie contained app Tracking.App.Two-130158381
cookie contained app Tracking.App.Two1373373122
------------------------
